c:\users\kaysa\documents\github\componentframework20.0.0\kaishawn-midstone\componentframework20.0.0\componentframework\debug\objloader.obj
c:\users\kaysa\documents\github\componentframework20.0.0\kaishawn-midstone\componentframework20.0.0\componentframework\debug\mmath.obj
c:\users\kaysa\documents\github\componentframework20.0.0\kaishawn-midstone\componentframework20.0.0\componentframework\debug\mesh.obj
c:\users\kaysa\documents\github\componentframework20.0.0\kaishawn-midstone\componentframework20.0.0\componentframework\debug\main.obj
c:\users\kaysa\documents\github\componentframework20.0.0\kaishawn-midstone\componentframework20.0.0\componentframework\debug\scene6.obj
c:\users\kaysa\documents\github\componentframework20.0.0\kaishawn-midstone\componentframework20.0.0\componentframework\debug\scene5.obj
c:\users\kaysa\documents\github\componentframework20.0.0\kaishawn-midstone\componentframework20.0.0\componentframework\debug\scene4.obj
c:\users\kaysa\documents\github\componentframework20.0.0\kaishawn-midstone\componentframework20.0.0\componentframework\debug\scene3.obj
c:\users\kaysa\documents\github\componentframework20.0.0\kaishawn-midstone\componentframework20.0.0\componentframework\debug\scene2.obj
c:\users\kaysa\documents\github\componentframework20.0.0\kaishawn-midstone\componentframework20.0.0\componentframework\debug\pmath.obj
c:\users\kaysa\documents\github\componentframework20.0.0\kaishawn-midstone\componentframework20.0.0\componentframework\debug\physicsobject.obj
c:\users\kaysa\documents\github\componentframework20.0.0\kaishawn-midstone\componentframework20.0.0\componentframework\debug\physics.obj
c:\users\kaysa\documents\github\componentframework20.0.0\kaishawn-midstone\componentframework20.0.0\componentframework\debug\other_plane.obj
c:\users\kaysa\documents\github\componentframework20.0.0\kaishawn-midstone\componentframework20.0.0\componentframework\debug\demoobject.obj
c:\users\kaysa\documents\github\componentframework20.0.0\kaishawn-midstone\componentframework20.0.0\componentframework\debug\gameobject.obj
c:\users\kaysa\documents\github\componentframework20.0.0\kaishawn-midstone\componentframework20.0.0\componentframework\debug\debug.obj
c:\users\kaysa\documents\github\componentframework20.0.0\kaishawn-midstone\componentframework20.0.0\componentframework\debug\camera.obj
c:\users\kaysa\documents\github\componentframework20.0.0\kaishawn-midstone\componentframework20.0.0\componentframework\debug\aabb.obj
c:\users\kaysa\documents\github\componentframework20.0.0\kaishawn-midstone\componentframework20.0.0\componentframework\debug\vmath.obj
c:\users\kaysa\documents\github\componentframework20.0.0\kaishawn-midstone\componentframework20.0.0\componentframework\debug\shader.obj
c:\users\kaysa\documents\github\componentframework20.0.0\kaishawn-midstone\componentframework20.0.0\componentframework\debug\scene1.obj
c:\users\kaysa\documents\github\componentframework20.0.0\kaishawn-midstone\componentframework20.0.0\componentframework\debug\vc142.idb
c:\users\kaysa\documents\github\componentframework20.0.0\kaishawn-midstone\componentframework20.0.0\componentframework\debug\vc142.pdb
c:\users\kaysa\documents\github\componentframework20.0.0\kaishawn-midstone\componentframework20.0.0\componentframework\debug\midstoneproject.tlog\cl.command.1.tlog
c:\users\kaysa\documents\github\componentframework20.0.0\kaishawn-midstone\componentframework20.0.0\componentframework\debug\midstoneproject.tlog\cl.read.1.tlog
c:\users\kaysa\documents\github\componentframework20.0.0\kaishawn-midstone\componentframework20.0.0\componentframework\debug\midstoneproject.tlog\cl.write.1.tlog
